2021-05-18 09:32:43,351 [Worker-4: Loading available Gradle versions] INFO  o.e.b.c.i.u.g.PublishedGradleVersions - Gradle version information cache is out-of-date. Trying to update.
2021-05-18 09:41:09,819 [Worker-30: Creating maven-archetype-quickstart] INFO  o.e.m.c.i.p.ProjectConfigurationManager - Collecting project info '/pom.xml' /Users/lingronghu/Downloads/CS/Backend/12. Course Registration/coursemanagement/pom.xml
2021-05-18 09:41:11,110 [Worker-30: Creating maven-archetype-quickstart] INFO  o.e.m.c.i.l.LifecycleMappingFactory - Using org.eclipse.m2e.jdt.JarLifecycleMapping lifecycle mapping for MavenProject: com.hu:coursemanagement:0.0.1-SNAPSHOT @ /Users/lingronghu/Downloads/CS/Backend/12. Course Registration/coursemanagement/pom.xml.
2021-05-18 09:41:12,468 [Worker-30: Creating maven-archetype-quickstart] INFO  o.e.m.j.i.AbstractJavaProjectConfigurator - Adding source folder /coursemanagement/src/main/java
2021-05-18 09:41:12,472 [Worker-30: Creating maven-archetype-quickstart] INFO  o.e.m.j.i.AbstractJavaProjectConfigurator - Adding source folder /coursemanagement/src/test/java
2021-05-18 09:41:12,581 [Worker-30: Creating maven-archetype-quickstart] INFO  o.e.m.c.i.p.ProjectConfigurationManager - Imported and configured 1 project(s) in 2 sec
2021-05-18 09:41:14,205 [Worker-30: Building] INFO  o.e.m.c.i.embedder.EclipseLogger - Using 'UTF-8' encoding to copy filtered resources.
2021-05-18 09:41:14,206 [Worker-30: Building] INFO  o.e.m.c.i.embedder.EclipseLogger - skip non existing resourceDirectory /Users/lingronghu/Downloads/CS/Backend/12. Course Registration/coursemanagement/src/main/resources
2021-05-18 09:41:14,211 [Worker-30: Building] INFO  o.e.m.c.i.embedder.EclipseLogger - Using 'UTF-8' encoding to copy filtered resources.
2021-05-18 09:41:14,211 [Worker-30: Building] INFO  o.e.m.c.i.embedder.EclipseLogger - skip non existing resourceDirectory /Users/lingronghu/Downloads/CS/Backend/12. Course Registration/coursemanagement/src/test/resources
2021-05-18 10:03:22,165 [Worker-32: Building] INFO  o.e.m.c.i.embedder.EclipseLogger - Using 'UTF-8' encoding to copy filtered resources.
2021-05-18 10:03:22,166 [Worker-32: Building] INFO  o.e.m.c.i.embedder.EclipseLogger - skip non existing resourceDirectory /Users/lingronghu/Downloads/CS/Backend/12. Course Registration/coursemanagement/src/main/resources
2021-05-18 10:03:22,168 [Worker-32: Building] INFO  o.e.m.c.i.embedder.EclipseLogger - Using 'UTF-8' encoding to copy filtered resources.
2021-05-18 10:03:22,168 [Worker-32: Building] INFO  o.e.m.c.i.embedder.EclipseLogger - skip non existing resourceDirectory /Users/lingronghu/Downloads/CS/Backend/12. Course Registration/coursemanagement/src/test/resources
2021-05-18 10:12:04,603 [Worker-45: Building] INFO  o.e.m.c.i.embedder.EclipseLogger - Using 'UTF-8' encoding to copy filtered resources.
2021-05-18 10:12:04,604 [Worker-45: Building] INFO  o.e.m.c.i.embedder.EclipseLogger - skip non existing resourceDirectory /Users/lingronghu/Downloads/CS/Backend/12. Course Registration/coursemanagement/src/main/resources
2021-05-18 10:12:04,607 [Worker-45: Building] INFO  o.e.m.c.i.embedder.EclipseLogger - Using 'UTF-8' encoding to copy filtered resources.
2021-05-18 10:12:04,607 [Worker-45: Building] INFO  o.e.m.c.i.embedder.EclipseLogger - skip non existing resourceDirectory /Users/lingronghu/Downloads/CS/Backend/12. Course Registration/coursemanagement/src/test/resources
2021-05-18 10:14:47,444 [Worker-45: Building] INFO  o.e.m.c.i.l.LifecycleMappingFactory - Using org.eclipse.m2e.jdt.JarLifecycleMapping lifecycle mapping for MavenProject: com.hu:coursemanagement:0.0.1-SNAPSHOT @ /Users/lingronghu/Downloads/CS/Backend/12. Course Registration/coursemanagement/pom.xml.
2021-05-18 10:14:47,731 [Worker-45: Building] WARN  o.e.m.c.i.embedder.EclipseLogger - Using platform encoding (UTF-8 actually) to copy filtered resources, i.e. build is platform dependent!
2021-05-18 10:14:47,734 [Worker-45: Building] INFO  o.e.m.c.i.embedder.EclipseLogger - skip non existing resourceDirectory /Users/lingronghu/Downloads/CS/Backend/12. Course Registration/coursemanagement/src/main/resources
2021-05-18 10:14:47,736 [Worker-45: Building] WARN  o.e.m.c.i.embedder.EclipseLogger - Using platform encoding (UTF-8 actually) to copy filtered resources, i.e. build is platform dependent!
2021-05-18 10:14:47,736 [Worker-45: Building] INFO  o.e.m.c.i.embedder.EclipseLogger - skip non existing resourceDirectory /Users/lingronghu/Downloads/CS/Backend/12. Course Registration/coursemanagement/src/test/resources
2021-05-18 10:15:42,435 [Worker-52: Building] INFO  o.e.m.c.i.e.AbstractTransferListenerAdapter - Downloading https://repo.maven.apache.org/maven2/org/apache/maven/plugins/maven-jar-plugin/2.4/maven-jar-plugin-2.4.jar
2021-05-18 10:15:43,252 [Worker-52: Building] INFO  o.e.m.c.i.e.AbstractTransferListenerAdapter - Downloaded https://repo.maven.apache.org/maven2/org/apache/maven/plugins/maven-jar-plugin/2.4/maven-jar-plugin-2.4.jar
2021-05-18 10:15:43,901 [Worker-52: Building] INFO  o.e.m.c.i.l.LifecycleMappingFactory - Using org.eclipse.m2e.jdt.JarLifecycleMapping lifecycle mapping for MavenProject: com.hu:coursemanagement:0.0.1-SNAPSHOT @ /Users/lingronghu/Downloads/CS/Backend/12. Course Registration/coursemanagement/pom.xml.
2021-05-18 10:15:44,198 [Worker-52: Building] INFO  o.e.m.c.i.e.AbstractTransferListenerAdapter - Downloading https://repo.maven.apache.org/maven2/org/apache/maven/plugins/maven-jar-plugin/2.4/maven-jar-plugin-2.4.pom
2021-05-18 10:15:44,346 [Worker-52: Building] INFO  o.e.m.c.i.e.AbstractTransferListenerAdapter - Downloaded https://repo.maven.apache.org/maven2/org/apache/maven/plugins/maven-jar-plugin/2.4/maven-jar-plugin-2.4.pom
2021-05-18 10:15:44,430 [Worker-52: Building] WARN  o.e.m.c.i.embedder.EclipseLogger - Using platform encoding (UTF-8 actually) to copy filtered resources, i.e. build is platform dependent!
2021-05-18 10:15:44,431 [Worker-52: Building] INFO  o.e.m.c.i.embedder.EclipseLogger - skip non existing resourceDirectory /Users/lingronghu/Downloads/CS/Backend/12. Course Registration/coursemanagement/src/main/resources
2021-05-18 10:15:44,433 [Worker-52: Building] WARN  o.e.m.c.i.embedder.EclipseLogger - Using platform encoding (UTF-8 actually) to copy filtered resources, i.e. build is platform dependent!
2021-05-18 10:15:44,433 [Worker-52: Building] INFO  o.e.m.c.i.embedder.EclipseLogger - skip non existing resourceDirectory /Users/lingronghu/Downloads/CS/Backend/12. Course Registration/coursemanagement/src/test/resources
2021-05-18 10:15:51,400 [Worker-52: Building] INFO  o.e.m.c.i.e.AbstractTransferListenerAdapter - Downloading https://repo.maven.apache.org/maven2/commons-lang/commons-lang/2.1/commons-lang-2.1.pom
2021-05-18 10:15:51,750 [Worker-52: Building] INFO  o.e.m.c.i.e.AbstractTransferListenerAdapter - Downloaded https://repo.maven.apache.org/maven2/commons-lang/commons-lang/2.1/commons-lang-2.1.pom
2021-05-18 10:15:52,077 [AetherRepositoryConnector-repo.maven.apache.org-0-1] INFO  o.e.m.c.i.e.AbstractTransferListenerAdapter - Downloading https://repo.maven.apache.org/maven2/commons-lang/commons-lang/2.1/commons-lang-2.1.jar
2021-05-18 10:15:52,309 [AetherRepositoryConnector-repo.maven.apache.org-0-0] INFO  o.e.m.c.i.e.AbstractTransferListenerAdapter - Downloading https://repo.maven.apache.org/maven2/classworlds/classworlds/1.1-alpha-2/classworlds-1.1-alpha-2.jar
2021-05-18 10:15:52,832 [AetherRepositoryConnector-repo.maven.apache.org-0-0] INFO  o.e.m.c.i.e.AbstractTransferListenerAdapter - Downloaded https://repo.maven.apache.org/maven2/classworlds/classworlds/1.1-alpha-2/classworlds-1.1-alpha-2.jar
2021-05-18 10:15:53,016 [AetherRepositoryConnector-repo.maven.apache.org-0-1] INFO  o.e.m.c.i.e.AbstractTransferListenerAdapter - Downloaded https://repo.maven.apache.org/maven2/commons-lang/commons-lang/2.1/commons-lang-2.1.jar
2021-05-18 10:15:54,925 [Worker-45: Building] INFO  o.e.m.c.i.l.LifecycleMappingFactory - Using org.eclipse.m2e.jdt.JarLifecycleMapping lifecycle mapping for MavenProject: com.hu:coursemanagement:0.0.1-SNAPSHOT @ /Users/lingronghu/Downloads/CS/Backend/12. Course Registration/coursemanagement/pom.xml.
2021-05-18 10:15:55,083 [Worker-45: Building] WARN  o.e.m.c.i.embedder.EclipseLogger - Using platform encoding (UTF-8 actually) to copy filtered resources, i.e. build is platform dependent!
2021-05-18 10:15:55,087 [Worker-45: Building] INFO  o.e.m.c.i.embedder.EclipseLogger - skip non existing resourceDirectory /Users/lingronghu/Downloads/CS/Backend/12. Course Registration/coursemanagement/src/main/resources
2021-05-18 10:15:55,090 [Worker-45: Building] WARN  o.e.m.c.i.embedder.EclipseLogger - Using platform encoding (UTF-8 actually) to copy filtered resources, i.e. build is platform dependent!
2021-05-18 10:15:55,090 [Worker-45: Building] INFO  o.e.m.c.i.embedder.EclipseLogger - skip non existing resourceDirectory /Users/lingronghu/Downloads/CS/Backend/12. Course Registration/coursemanagement/src/test/resources
2021-05-18 10:17:24,661 [Worker-45: Building] INFO  o.e.m.c.i.l.LifecycleMappingFactory - Using org.eclipse.m2e.jdt.JarLifecycleMapping lifecycle mapping for MavenProject: com.hu:coursemanagement:0.0.1-SNAPSHOT @ /Users/lingronghu/Downloads/CS/Backend/12. Course Registration/coursemanagement/pom.xml.
2021-05-18 10:17:25,016 [Worker-45: Building] WARN  o.e.m.c.i.embedder.EclipseLogger - Using platform encoding (UTF-8 actually) to copy filtered resources, i.e. build is platform dependent!
2021-05-18 10:17:25,019 [Worker-45: Building] INFO  o.e.m.c.i.embedder.EclipseLogger - skip non existing resourceDirectory /Users/lingronghu/Downloads/CS/Backend/12. Course Registration/coursemanagement/src/main/resources
2021-05-18 10:17:25,021 [Worker-45: Building] WARN  o.e.m.c.i.embedder.EclipseLogger - Using platform encoding (UTF-8 actually) to copy filtered resources, i.e. build is platform dependent!
2021-05-18 10:17:25,022 [Worker-45: Building] INFO  o.e.m.c.i.embedder.EclipseLogger - skip non existing resourceDirectory /Users/lingronghu/Downloads/CS/Backend/12. Course Registration/coursemanagement/src/test/resources
2021-05-18 10:18:07,742 [Worker-45: Building] WARN  o.e.m.c.i.embedder.EclipseLogger - Using platform encoding (UTF-8 actually) to copy filtered resources, i.e. build is platform dependent!
2021-05-18 10:18:07,747 [Worker-45: Building] INFO  o.e.m.c.i.embedder.EclipseLogger - skip non existing resourceDirectory /Users/lingronghu/Downloads/CS/Backend/12. Course Registration/coursemanagement/src/main/resources
2021-05-18 10:18:07,752 [Worker-45: Building] WARN  o.e.m.c.i.embedder.EclipseLogger - Using platform encoding (UTF-8 actually) to copy filtered resources, i.e. build is platform dependent!
2021-05-18 10:18:07,752 [Worker-45: Building] INFO  o.e.m.c.i.embedder.EclipseLogger - skip non existing resourceDirectory /Users/lingronghu/Downloads/CS/Backend/12. Course Registration/coursemanagement/src/test/resources
2021-05-18 10:18:12,848 [Worker-57: Updating Maven Project] INFO  o.e.m.c.i.p.ProjectConfigurationManager - Update started
2021-05-18 10:18:13,593 [Worker-57: Updating Maven Project] INFO  o.e.m.c.i.l.LifecycleMappingFactory - Using org.eclipse.m2e.jdt.JarLifecycleMapping lifecycle mapping for MavenProject: com.hu:coursemanagement:0.0.1-SNAPSHOT @ /Users/lingronghu/Downloads/CS/Backend/12. Course Registration/coursemanagement/pom.xml.
2021-05-18 10:18:14,054 [Worker-57: Updating Maven Project] INFO  o.e.m.j.i.AbstractJavaProjectConfigurator - Adding source folder /coursemanagement/src/main/java
2021-05-18 10:18:14,065 [Worker-57: Updating Maven Project] INFO  o.e.m.j.i.AbstractJavaProjectConfigurator - Adding source folder /coursemanagement/src/test/java
2021-05-18 10:18:14,380 [Worker-57: Updating Maven Project] INFO  o.e.m.c.i.p.ProjectConfigurationManager - Update completed: 1 sec
2021-05-18 10:18:14,733 [Worker-54: Building] WARN  o.e.m.c.i.embedder.EclipseLogger - Using platform encoding (UTF-8 actually) to copy filtered resources, i.e. build is platform dependent!
2021-05-18 10:18:14,735 [Worker-54: Building] INFO  o.e.m.c.i.embedder.EclipseLogger - skip non existing resourceDirectory /Users/lingronghu/Downloads/CS/Backend/12. Course Registration/coursemanagement/src/main/resources
2021-05-18 10:18:14,737 [Worker-54: Building] WARN  o.e.m.c.i.embedder.EclipseLogger - Using platform encoding (UTF-8 actually) to copy filtered resources, i.e. build is platform dependent!
2021-05-18 10:18:14,738 [Worker-54: Building] INFO  o.e.m.c.i.embedder.EclipseLogger - skip non existing resourceDirectory /Users/lingronghu/Downloads/CS/Backend/12. Course Registration/coursemanagement/src/test/resources
2021-05-18 10:24:02,815 [Worker-58: Building] INFO  o.e.m.c.i.l.LifecycleMappingFactory - Using org.eclipse.m2e.jdt.JarLifecycleMapping lifecycle mapping for MavenProject: com.hu:coursemanagement:0.0.1-SNAPSHOT @ /Users/lingronghu/Downloads/CS/Backend/12. Course Registration/coursemanagement/pom.xml.
2021-05-18 10:24:03,165 [Worker-58: Building] WARN  o.e.m.c.i.embedder.EclipseLogger - Using platform encoding (UTF-8 actually) to copy filtered resources, i.e. build is platform dependent!
2021-05-18 10:24:03,168 [Worker-58: Building] INFO  o.e.m.c.i.embedder.EclipseLogger - skip non existing resourceDirectory /Users/lingronghu/Downloads/CS/Backend/12. Course Registration/coursemanagement/src/main/resources
2021-05-18 10:24:03,171 [Worker-58: Building] WARN  o.e.m.c.i.embedder.EclipseLogger - Using platform encoding (UTF-8 actually) to copy filtered resources, i.e. build is platform dependent!
2021-05-18 10:24:03,172 [Worker-58: Building] INFO  o.e.m.c.i.embedder.EclipseLogger - skip non existing resourceDirectory /Users/lingronghu/Downloads/CS/Backend/12. Course Registration/coursemanagement/src/test/resources
2021-05-18 10:24:04,759 [Worker-58: Building] WARN  o.e.m.c.i.embedder.EclipseLogger - Using platform encoding (UTF-8 actually) to copy filtered resources, i.e. build is platform dependent!
2021-05-18 10:24:04,762 [Worker-58: Building] INFO  o.e.m.c.i.embedder.EclipseLogger - skip non existing resourceDirectory /Users/lingronghu/Downloads/CS/Backend/12. Course Registration/coursemanagement/src/main/resources
2021-05-18 10:24:04,763 [Worker-58: Building] WARN  o.e.m.c.i.embedder.EclipseLogger - Using platform encoding (UTF-8 actually) to copy filtered resources, i.e. build is platform dependent!
2021-05-18 10:24:04,764 [Worker-58: Building] INFO  o.e.m.c.i.embedder.EclipseLogger - skip non existing resourceDirectory /Users/lingronghu/Downloads/CS/Backend/12. Course Registration/coursemanagement/src/test/resources
2021-05-18 10:24:26,426 [Worker-54: Building] INFO  o.e.m.c.i.l.LifecycleMappingFactory - Using org.eclipse.m2e.jdt.JarLifecycleMapping lifecycle mapping for MavenProject: com.hu:coursemanagement:0.0.1-SNAPSHOT @ /Users/lingronghu/Downloads/CS/Backend/12. Course Registration/coursemanagement/pom.xml.
2021-05-18 10:24:26,683 [Worker-54: Building] WARN  o.e.m.c.i.embedder.EclipseLogger - Using platform encoding (UTF-8 actually) to copy filtered resources, i.e. build is platform dependent!
2021-05-18 10:24:26,684 [Worker-54: Building] INFO  o.e.m.c.i.embedder.EclipseLogger - skip non existing resourceDirectory /Users/lingronghu/Downloads/CS/Backend/12. Course Registration/coursemanagement/src/main/resources
2021-05-18 10:24:26,685 [Worker-54: Building] WARN  o.e.m.c.i.embedder.EclipseLogger - Using platform encoding (UTF-8 actually) to copy filtered resources, i.e. build is platform dependent!
2021-05-18 10:24:26,685 [Worker-54: Building] INFO  o.e.m.c.i.embedder.EclipseLogger - skip non existing resourceDirectory /Users/lingronghu/Downloads/CS/Backend/12. Course Registration/coursemanagement/src/test/resources
2021-05-18 10:24:28,040 [Worker-54: Building] WARN  o.e.m.c.i.embedder.EclipseLogger - Using platform encoding (UTF-8 actually) to copy filtered resources, i.e. build is platform dependent!
2021-05-18 10:24:28,041 [Worker-54: Building] INFO  o.e.m.c.i.embedder.EclipseLogger - skip non existing resourceDirectory /Users/lingronghu/Downloads/CS/Backend/12. Course Registration/coursemanagement/src/main/resources
2021-05-18 10:24:28,042 [Worker-54: Building] WARN  o.e.m.c.i.embedder.EclipseLogger - Using platform encoding (UTF-8 actually) to copy filtered resources, i.e. build is platform dependent!
2021-05-18 10:24:28,042 [Worker-54: Building] INFO  o.e.m.c.i.embedder.EclipseLogger - skip non existing resourceDirectory /Users/lingronghu/Downloads/CS/Backend/12. Course Registration/coursemanagement/src/test/resources
2021-05-18 10:25:11,509 [Worker-61: Building] INFO  o.e.m.c.i.l.LifecycleMappingFactory - Using org.eclipse.m2e.jdt.JarLifecycleMapping lifecycle mapping for MavenProject: com.hu:coursemanagement:0.0.1-SNAPSHOT @ /Users/lingronghu/Downloads/CS/Backend/12. Course Registration/coursemanagement/pom.xml.
2021-05-18 10:25:11,753 [Worker-61: Building] WARN  o.e.m.c.i.embedder.EclipseLogger - Using platform encoding (UTF-8 actually) to copy filtered resources, i.e. build is platform dependent!
2021-05-18 10:25:11,757 [Worker-61: Building] INFO  o.e.m.c.i.embedder.EclipseLogger - skip non existing resourceDirectory /Users/lingronghu/Downloads/CS/Backend/12. Course Registration/coursemanagement/src/main/resources
2021-05-18 10:25:11,760 [Worker-61: Building] WARN  o.e.m.c.i.embedder.EclipseLogger - Using platform encoding (UTF-8 actually) to copy filtered resources, i.e. build is platform dependent!
2021-05-18 10:25:11,761 [Worker-61: Building] INFO  o.e.m.c.i.embedder.EclipseLogger - skip non existing resourceDirectory /Users/lingronghu/Downloads/CS/Backend/12. Course Registration/coursemanagement/src/test/resources
2021-05-18 10:25:13,129 [Worker-56: Building] WARN  o.e.m.c.i.embedder.EclipseLogger - Using platform encoding (UTF-8 actually) to copy filtered resources, i.e. build is platform dependent!
2021-05-18 10:25:13,130 [Worker-56: Building] INFO  o.e.m.c.i.embedder.EclipseLogger - skip non existing resourceDirectory /Users/lingronghu/Downloads/CS/Backend/12. Course Registration/coursemanagement/src/main/resources
2021-05-18 10:25:13,131 [Worker-56: Building] WARN  o.e.m.c.i.embedder.EclipseLogger - Using platform encoding (UTF-8 actually) to copy filtered resources, i.e. build is platform dependent!
2021-05-18 10:25:13,131 [Worker-56: Building] INFO  o.e.m.c.i.embedder.EclipseLogger - skip non existing resourceDirectory /Users/lingronghu/Downloads/CS/Backend/12. Course Registration/coursemanagement/src/test/resources
2021-05-18 10:25:49,585 [Worker-54: Building] WARN  o.e.m.c.i.embedder.EclipseLogger - Using platform encoding (UTF-8 actually) to copy filtered resources, i.e. build is platform dependent!
2021-05-18 10:25:49,589 [Worker-54: Building] INFO  o.e.m.c.i.embedder.EclipseLogger - skip non existing resourceDirectory /Users/lingronghu/Downloads/CS/Backend/12. Course Registration/coursemanagement/src/main/resources
2021-05-18 10:25:49,590 [Worker-54: Building] WARN  o.e.m.c.i.embedder.EclipseLogger - Using platform encoding (UTF-8 actually) to copy filtered resources, i.e. build is platform dependent!
2021-05-18 10:25:49,592 [Worker-54: Building] INFO  o.e.m.c.i.embedder.EclipseLogger - skip non existing resourceDirectory /Users/lingronghu/Downloads/CS/Backend/12. Course Registration/coursemanagement/src/test/resources
2021-05-18 10:26:11,293 [Worker-54: Building] WARN  o.e.m.c.i.embedder.EclipseLogger - Using platform encoding (UTF-8 actually) to copy filtered resources, i.e. build is platform dependent!
2021-05-18 10:26:11,294 [Worker-54: Building] INFO  o.e.m.c.i.embedder.EclipseLogger - skip non existing resourceDirectory /Users/lingronghu/Downloads/CS/Backend/12. Course Registration/coursemanagement/src/main/resources
2021-05-18 10:26:11,295 [Worker-54: Building] WARN  o.e.m.c.i.embedder.EclipseLogger - Using platform encoding (UTF-8 actually) to copy filtered resources, i.e. build is platform dependent!
2021-05-18 10:26:11,296 [Worker-54: Building] INFO  o.e.m.c.i.embedder.EclipseLogger - skip non existing resourceDirectory /Users/lingronghu/Downloads/CS/Backend/12. Course Registration/coursemanagement/src/test/resources
2021-05-18 10:26:42,478 [Worker-58: Building] WARN  o.e.m.c.i.embedder.EclipseLogger - Using platform encoding (UTF-8 actually) to copy filtered resources, i.e. build is platform dependent!
2021-05-18 10:26:42,486 [Worker-58: Building] INFO  o.e.m.c.i.embedder.EclipseLogger - skip non existing resourceDirectory /Users/lingronghu/Downloads/CS/Backend/12. Course Registration/coursemanagement/src/main/resources
2021-05-18 10:26:42,487 [Worker-58: Building] WARN  o.e.m.c.i.embedder.EclipseLogger - Using platform encoding (UTF-8 actually) to copy filtered resources, i.e. build is platform dependent!
2021-05-18 10:26:42,488 [Worker-58: Building] INFO  o.e.m.c.i.embedder.EclipseLogger - skip non existing resourceDirectory /Users/lingronghu/Downloads/CS/Backend/12. Course Registration/coursemanagement/src/test/resources
2021-05-18 10:27:32,036 [Worker-61: Building] WARN  o.e.m.c.i.embedder.EclipseLogger - Using platform encoding (UTF-8 actually) to copy filtered resources, i.e. build is platform dependent!
2021-05-18 10:27:32,038 [Worker-61: Building] INFO  o.e.m.c.i.embedder.EclipseLogger - skip non existing resourceDirectory /Users/lingronghu/Downloads/CS/Backend/12. Course Registration/coursemanagement/src/main/resources
2021-05-18 10:27:32,038 [Worker-61: Building] WARN  o.e.m.c.i.embedder.EclipseLogger - Using platform encoding (UTF-8 actually) to copy filtered resources, i.e. build is platform dependent!
2021-05-18 10:27:32,039 [Worker-61: Building] INFO  o.e.m.c.i.embedder.EclipseLogger - skip non existing resourceDirectory /Users/lingronghu/Downloads/CS/Backend/12. Course Registration/coursemanagement/src/test/resources
2021-05-18 10:28:11,269 [Worker-56: Building] WARN  o.e.m.c.i.embedder.EclipseLogger - Using platform encoding (UTF-8 actually) to copy filtered resources, i.e. build is platform dependent!
2021-05-18 10:28:11,275 [Worker-56: Building] INFO  o.e.m.c.i.embedder.EclipseLogger - skip non existing resourceDirectory /Users/lingronghu/Downloads/CS/Backend/12. Course Registration/coursemanagement/src/main/resources
2021-05-18 10:28:11,279 [Worker-56: Building] WARN  o.e.m.c.i.embedder.EclipseLogger - Using platform encoding (UTF-8 actually) to copy filtered resources, i.e. build is platform dependent!
2021-05-18 10:28:11,280 [Worker-56: Building] INFO  o.e.m.c.i.embedder.EclipseLogger - skip non existing resourceDirectory /Users/lingronghu/Downloads/CS/Backend/12. Course Registration/coursemanagement/src/test/resources
2021-05-18 10:28:21,091 [Worker-54: Building] WARN  o.e.m.c.i.embedder.EclipseLogger - Using platform encoding (UTF-8 actually) to copy filtered resources, i.e. build is platform dependent!
2021-05-18 10:28:21,095 [Worker-54: Building] INFO  o.e.m.c.i.embedder.EclipseLogger - skip non existing resourceDirectory /Users/lingronghu/Downloads/CS/Backend/12. Course Registration/coursemanagement/src/main/resources
2021-05-18 10:28:21,100 [Worker-54: Building] WARN  o.e.m.c.i.embedder.EclipseLogger - Using platform encoding (UTF-8 actually) to copy filtered resources, i.e. build is platform dependent!
2021-05-18 10:28:21,100 [Worker-54: Building] INFO  o.e.m.c.i.embedder.EclipseLogger - skip non existing resourceDirectory /Users/lingronghu/Downloads/CS/Backend/12. Course Registration/coursemanagement/src/test/resources
2021-05-18 10:30:17,560 [Worker-62: Building] WARN  o.e.m.c.i.embedder.EclipseLogger - Using platform encoding (UTF-8 actually) to copy filtered resources, i.e. build is platform dependent!
2021-05-18 10:30:17,566 [Worker-62: Building] INFO  o.e.m.c.i.embedder.EclipseLogger - skip non existing resourceDirectory /Users/lingronghu/Downloads/CS/Backend/12. Course Registration/coursemanagement/src/main/resources
2021-05-18 10:30:17,567 [Worker-62: Building] WARN  o.e.m.c.i.embedder.EclipseLogger - Using platform encoding (UTF-8 actually) to copy filtered resources, i.e. build is platform dependent!
2021-05-18 10:30:17,568 [Worker-62: Building] INFO  o.e.m.c.i.embedder.EclipseLogger - skip non existing resourceDirectory /Users/lingronghu/Downloads/CS/Backend/12. Course Registration/coursemanagement/src/test/resources
2021-05-18 10:30:24,200 [Worker-63: Building] WARN  o.e.m.c.i.embedder.EclipseLogger - Using platform encoding (UTF-8 actually) to copy filtered resources, i.e. build is platform dependent!
2021-05-18 10:30:24,201 [Worker-63: Building] INFO  o.e.m.c.i.embedder.EclipseLogger - skip non existing resourceDirectory /Users/lingronghu/Downloads/CS/Backend/12. Course Registration/coursemanagement/src/main/resources
2021-05-18 10:30:24,203 [Worker-63: Building] WARN  o.e.m.c.i.embedder.EclipseLogger - Using platform encoding (UTF-8 actually) to copy filtered resources, i.e. build is platform dependent!
2021-05-18 10:30:24,203 [Worker-63: Building] INFO  o.e.m.c.i.embedder.EclipseLogger - skip non existing resourceDirectory /Users/lingronghu/Downloads/CS/Backend/12. Course Registration/coursemanagement/src/test/resources
2021-05-18 10:31:27,638 [Worker-60: Building] WARN  o.e.m.c.i.embedder.EclipseLogger - Using platform encoding (UTF-8 actually) to copy filtered resources, i.e. build is platform dependent!
2021-05-18 10:31:27,644 [Worker-60: Building] INFO  o.e.m.c.i.embedder.EclipseLogger - skip non existing resourceDirectory /Users/lingronghu/Downloads/CS/Backend/12. Course Registration/coursemanagement/src/main/resources
2021-05-18 10:31:27,645 [Worker-60: Building] WARN  o.e.m.c.i.embedder.EclipseLogger - Using platform encoding (UTF-8 actually) to copy filtered resources, i.e. build is platform dependent!
2021-05-18 10:31:27,645 [Worker-60: Building] INFO  o.e.m.c.i.embedder.EclipseLogger - skip non existing resourceDirectory /Users/lingronghu/Downloads/CS/Backend/12. Course Registration/coursemanagement/src/test/resources
2021-05-18 10:33:36,647 [Worker-68: Building] WARN  o.e.m.c.i.embedder.EclipseLogger - Using platform encoding (UTF-8 actually) to copy filtered resources, i.e. build is platform dependent!
2021-05-18 10:33:36,652 [Worker-68: Building] INFO  o.e.m.c.i.embedder.EclipseLogger - skip non existing resourceDirectory /Users/lingronghu/Downloads/CS/Backend/12. Course Registration/coursemanagement/src/main/resources
2021-05-18 10:33:36,653 [Worker-68: Building] WARN  o.e.m.c.i.embedder.EclipseLogger - Using platform encoding (UTF-8 actually) to copy filtered resources, i.e. build is platform dependent!
2021-05-18 10:33:36,654 [Worker-68: Building] INFO  o.e.m.c.i.embedder.EclipseLogger - skip non existing resourceDirectory /Users/lingronghu/Downloads/CS/Backend/12. Course Registration/coursemanagement/src/test/resources
2021-05-18 10:33:44,957 [Worker-56: Building] WARN  o.e.m.c.i.embedder.EclipseLogger - Using platform encoding (UTF-8 actually) to copy filtered resources, i.e. build is platform dependent!
2021-05-18 10:33:44,958 [Worker-56: Building] INFO  o.e.m.c.i.embedder.EclipseLogger - skip non existing resourceDirectory /Users/lingronghu/Downloads/CS/Backend/12. Course Registration/coursemanagement/src/main/resources
2021-05-18 10:33:44,959 [Worker-56: Building] WARN  o.e.m.c.i.embedder.EclipseLogger - Using platform encoding (UTF-8 actually) to copy filtered resources, i.e. build is platform dependent!
2021-05-18 10:33:44,959 [Worker-56: Building] INFO  o.e.m.c.i.embedder.EclipseLogger - skip non existing resourceDirectory /Users/lingronghu/Downloads/CS/Backend/12. Course Registration/coursemanagement/src/test/resources
2021-05-18 10:35:04,493 [Worker-68: Building] WARN  o.e.m.c.i.embedder.EclipseLogger - Using platform encoding (UTF-8 actually) to copy filtered resources, i.e. build is platform dependent!
2021-05-18 10:35:04,501 [Worker-68: Building] INFO  o.e.m.c.i.embedder.EclipseLogger - skip non existing resourceDirectory /Users/lingronghu/Downloads/CS/Backend/12. Course Registration/coursemanagement/src/main/resources
2021-05-18 10:35:04,503 [Worker-68: Building] WARN  o.e.m.c.i.embedder.EclipseLogger - Using platform encoding (UTF-8 actually) to copy filtered resources, i.e. build is platform dependent!
2021-05-18 10:35:04,506 [Worker-68: Building] INFO  o.e.m.c.i.embedder.EclipseLogger - skip non existing resourceDirectory /Users/lingronghu/Downloads/CS/Backend/12. Course Registration/coursemanagement/src/test/resources
2021-05-18 10:35:57,294 [Worker-68: Building] WARN  o.e.m.c.i.embedder.EclipseLogger - Using platform encoding (UTF-8 actually) to copy filtered resources, i.e. build is platform dependent!
2021-05-18 10:35:57,296 [Worker-68: Building] INFO  o.e.m.c.i.embedder.EclipseLogger - skip non existing resourceDirectory /Users/lingronghu/Downloads/CS/Backend/12. Course Registration/coursemanagement/src/main/resources
2021-05-18 10:35:57,297 [Worker-68: Building] WARN  o.e.m.c.i.embedder.EclipseLogger - Using platform encoding (UTF-8 actually) to copy filtered resources, i.e. build is platform dependent!
2021-05-18 10:35:57,299 [Worker-68: Building] INFO  o.e.m.c.i.embedder.EclipseLogger - skip non existing resourceDirectory /Users/lingronghu/Downloads/CS/Backend/12. Course Registration/coursemanagement/src/test/resources
2021-05-18 10:36:19,853 [Worker-67: Building] WARN  o.e.m.c.i.embedder.EclipseLogger - Using platform encoding (UTF-8 actually) to copy filtered resources, i.e. build is platform dependent!
2021-05-18 10:36:19,858 [Worker-67: Building] INFO  o.e.m.c.i.embedder.EclipseLogger - skip non existing resourceDirectory /Users/lingronghu/Downloads/CS/Backend/12. Course Registration/coursemanagement/src/main/resources
2021-05-18 10:36:19,860 [Worker-67: Building] WARN  o.e.m.c.i.embedder.EclipseLogger - Using platform encoding (UTF-8 actually) to copy filtered resources, i.e. build is platform dependent!
2021-05-18 10:36:19,860 [Worker-67: Building] INFO  o.e.m.c.i.embedder.EclipseLogger - skip non existing resourceDirectory /Users/lingronghu/Downloads/CS/Backend/12. Course Registration/coursemanagement/src/test/resources
2021-05-18 10:37:43,072 [Worker-68: Building] WARN  o.e.m.c.i.embedder.EclipseLogger - Using platform encoding (UTF-8 actually) to copy filtered resources, i.e. build is platform dependent!
2021-05-18 10:37:43,080 [Worker-68: Building] INFO  o.e.m.c.i.embedder.EclipseLogger - skip non existing resourceDirectory /Users/lingronghu/Downloads/CS/Backend/12. Course Registration/coursemanagement/src/main/resources
2021-05-18 10:37:43,082 [Worker-68: Building] WARN  o.e.m.c.i.embedder.EclipseLogger - Using platform encoding (UTF-8 actually) to copy filtered resources, i.e. build is platform dependent!
2021-05-18 10:37:43,082 [Worker-68: Building] INFO  o.e.m.c.i.embedder.EclipseLogger - skip non existing resourceDirectory /Users/lingronghu/Downloads/CS/Backend/12. Course Registration/coursemanagement/src/test/resources
2021-05-18 10:38:12,112 [Worker-66: Building] WARN  o.e.m.c.i.embedder.EclipseLogger - Using platform encoding (UTF-8 actually) to copy filtered resources, i.e. build is platform dependent!
2021-05-18 10:38:12,112 [Worker-66: Building] INFO  o.e.m.c.i.embedder.EclipseLogger - skip non existing resourceDirectory /Users/lingronghu/Downloads/CS/Backend/12. Course Registration/coursemanagement/src/main/resources
2021-05-18 10:38:12,113 [Worker-66: Building] WARN  o.e.m.c.i.embedder.EclipseLogger - Using platform encoding (UTF-8 actually) to copy filtered resources, i.e. build is platform dependent!
2021-05-18 10:38:12,113 [Worker-66: Building] INFO  o.e.m.c.i.embedder.EclipseLogger - skip non existing resourceDirectory /Users/lingronghu/Downloads/CS/Backend/12. Course Registration/coursemanagement/src/test/resources
2021-05-18 10:38:58,131 [Worker-71: Building] WARN  o.e.m.c.i.embedder.EclipseLogger - Using platform encoding (UTF-8 actually) to copy filtered resources, i.e. build is platform dependent!
2021-05-18 10:38:58,136 [Worker-71: Building] INFO  o.e.m.c.i.embedder.EclipseLogger - skip non existing resourceDirectory /Users/lingronghu/Downloads/CS/Backend/12. Course Registration/coursemanagement/src/main/resources
2021-05-18 10:38:58,142 [Worker-71: Building] WARN  o.e.m.c.i.embedder.EclipseLogger - Using platform encoding (UTF-8 actually) to copy filtered resources, i.e. build is platform dependent!
2021-05-18 10:38:58,142 [Worker-71: Building] INFO  o.e.m.c.i.embedder.EclipseLogger - skip non existing resourceDirectory /Users/lingronghu/Downloads/CS/Backend/12. Course Registration/coursemanagement/src/test/resources
2021-05-18 10:39:27,707 [Worker-69: Building] WARN  o.e.m.c.i.embedder.EclipseLogger - Using platform encoding (UTF-8 actually) to copy filtered resources, i.e. build is platform dependent!
2021-05-18 10:39:27,714 [Worker-69: Building] INFO  o.e.m.c.i.embedder.EclipseLogger - skip non existing resourceDirectory /Users/lingronghu/Downloads/CS/Backend/12. Course Registration/coursemanagement/src/main/resources
2021-05-18 10:39:27,716 [Worker-69: Building] WARN  o.e.m.c.i.embedder.EclipseLogger - Using platform encoding (UTF-8 actually) to copy filtered resources, i.e. build is platform dependent!
2021-05-18 10:39:27,716 [Worker-69: Building] INFO  o.e.m.c.i.embedder.EclipseLogger - skip non existing resourceDirectory /Users/lingronghu/Downloads/CS/Backend/12. Course Registration/coursemanagement/src/test/resources
2021-05-18 10:39:43,751 [Worker-70: Building] WARN  o.e.m.c.i.embedder.EclipseLogger - Using platform encoding (UTF-8 actually) to copy filtered resources, i.e. build is platform dependent!
2021-05-18 10:39:43,753 [Worker-70: Building] INFO  o.e.m.c.i.embedder.EclipseLogger - skip non existing resourceDirectory /Users/lingronghu/Downloads/CS/Backend/12. Course Registration/coursemanagement/src/main/resources
2021-05-18 10:39:43,754 [Worker-70: Building] WARN  o.e.m.c.i.embedder.EclipseLogger - Using platform encoding (UTF-8 actually) to copy filtered resources, i.e. build is platform dependent!
2021-05-18 10:39:43,755 [Worker-70: Building] INFO  o.e.m.c.i.embedder.EclipseLogger - skip non existing resourceDirectory /Users/lingronghu/Downloads/CS/Backend/12. Course Registration/coursemanagement/src/test/resources
2021-05-18 10:39:51,977 [Worker-70: Building] WARN  o.e.m.c.i.embedder.EclipseLogger - Using platform encoding (UTF-8 actually) to copy filtered resources, i.e. build is platform dependent!
2021-05-18 10:39:51,977 [Worker-70: Building] INFO  o.e.m.c.i.embedder.EclipseLogger - skip non existing resourceDirectory /Users/lingronghu/Downloads/CS/Backend/12. Course Registration/coursemanagement/src/main/resources
2021-05-18 10:39:51,978 [Worker-70: Building] WARN  o.e.m.c.i.embedder.EclipseLogger - Using platform encoding (UTF-8 actually) to copy filtered resources, i.e. build is platform dependent!
2021-05-18 10:39:51,978 [Worker-70: Building] INFO  o.e.m.c.i.embedder.EclipseLogger - skip non existing resourceDirectory /Users/lingronghu/Downloads/CS/Backend/12. Course Registration/coursemanagement/src/test/resources
2021-05-18 10:40:53,358 [Worker-68: Building] WARN  o.e.m.c.i.embedder.EclipseLogger - Using platform encoding (UTF-8 actually) to copy filtered resources, i.e. build is platform dependent!
2021-05-18 10:40:53,371 [Worker-68: Building] INFO  o.e.m.c.i.embedder.EclipseLogger - skip non existing resourceDirectory /Users/lingronghu/Downloads/CS/Backend/12. Course Registration/coursemanagement/src/main/resources
2021-05-18 10:40:53,372 [Worker-68: Building] WARN  o.e.m.c.i.embedder.EclipseLogger - Using platform encoding (UTF-8 actually) to copy filtered resources, i.e. build is platform dependent!
2021-05-18 10:40:53,373 [Worker-68: Building] INFO  o.e.m.c.i.embedder.EclipseLogger - skip non existing resourceDirectory /Users/lingronghu/Downloads/CS/Backend/12. Course Registration/coursemanagement/src/test/resources
2021-05-18 10:41:13,481 [Worker-69: Building] WARN  o.e.m.c.i.embedder.EclipseLogger - Using platform encoding (UTF-8 actually) to copy filtered resources, i.e. build is platform dependent!
2021-05-18 10:41:13,487 [Worker-69: Building] INFO  o.e.m.c.i.embedder.EclipseLogger - skip non existing resourceDirectory /Users/lingronghu/Downloads/CS/Backend/12. Course Registration/coursemanagement/src/main/resources
2021-05-18 10:41:13,489 [Worker-69: Building] WARN  o.e.m.c.i.embedder.EclipseLogger - Using platform encoding (UTF-8 actually) to copy filtered resources, i.e. build is platform dependent!
2021-05-18 10:41:13,489 [Worker-69: Building] INFO  o.e.m.c.i.embedder.EclipseLogger - skip non existing resourceDirectory /Users/lingronghu/Downloads/CS/Backend/12. Course Registration/coursemanagement/src/test/resources
2021-05-18 10:41:24,150 [Worker-67: Building] WARN  o.e.m.c.i.embedder.EclipseLogger - Using platform encoding (UTF-8 actually) to copy filtered resources, i.e. build is platform dependent!
2021-05-18 10:41:24,151 [Worker-67: Building] INFO  o.e.m.c.i.embedder.EclipseLogger - skip non existing resourceDirectory /Users/lingronghu/Downloads/CS/Backend/12. Course Registration/coursemanagement/src/main/resources
2021-05-18 10:41:24,152 [Worker-67: Building] WARN  o.e.m.c.i.embedder.EclipseLogger - Using platform encoding (UTF-8 actually) to copy filtered resources, i.e. build is platform dependent!
2021-05-18 10:41:24,152 [Worker-67: Building] INFO  o.e.m.c.i.embedder.EclipseLogger - skip non existing resourceDirectory /Users/lingronghu/Downloads/CS/Backend/12. Course Registration/coursemanagement/src/test/resources
2021-05-18 10:41:50,215 [Worker-70: Building] WARN  o.e.m.c.i.embedder.EclipseLogger - Using platform encoding (UTF-8 actually) to copy filtered resources, i.e. build is platform dependent!
2021-05-18 10:41:50,217 [Worker-70: Building] INFO  o.e.m.c.i.embedder.EclipseLogger - skip non existing resourceDirectory /Users/lingronghu/Downloads/CS/Backend/12. Course Registration/coursemanagement/src/main/resources
2021-05-18 10:41:50,218 [Worker-70: Building] WARN  o.e.m.c.i.embedder.EclipseLogger - Using platform encoding (UTF-8 actually) to copy filtered resources, i.e. build is platform dependent!
2021-05-18 10:41:50,218 [Worker-70: Building] INFO  o.e.m.c.i.embedder.EclipseLogger - skip non existing resourceDirectory /Users/lingronghu/Downloads/CS/Backend/12. Course Registration/coursemanagement/src/test/resources
2021-05-18 10:41:54,344 [Worker-71: Building] WARN  o.e.m.c.i.embedder.EclipseLogger - Using platform encoding (UTF-8 actually) to copy filtered resources, i.e. build is platform dependent!
2021-05-18 10:41:54,349 [Worker-71: Building] INFO  o.e.m.c.i.embedder.EclipseLogger - skip non existing resourceDirectory /Users/lingronghu/Downloads/CS/Backend/12. Course Registration/coursemanagement/src/main/resources
2021-05-18 10:41:54,350 [Worker-71: Building] WARN  o.e.m.c.i.embedder.EclipseLogger - Using platform encoding (UTF-8 actually) to copy filtered resources, i.e. build is platform dependent!
2021-05-18 10:41:54,350 [Worker-71: Building] INFO  o.e.m.c.i.embedder.EclipseLogger - skip non existing resourceDirectory /Users/lingronghu/Downloads/CS/Backend/12. Course Registration/coursemanagement/src/test/resources
2021-05-18 10:42:34,404 [Worker-72: Building] WARN  o.e.m.c.i.embedder.EclipseLogger - Using platform encoding (UTF-8 actually) to copy filtered resources, i.e. build is platform dependent!
2021-05-18 10:42:34,406 [Worker-72: Building] INFO  o.e.m.c.i.embedder.EclipseLogger - skip non existing resourceDirectory /Users/lingronghu/Downloads/CS/Backend/12. Course Registration/coursemanagement/src/main/resources
2021-05-18 10:42:34,407 [Worker-72: Building] WARN  o.e.m.c.i.embedder.EclipseLogger - Using platform encoding (UTF-8 actually) to copy filtered resources, i.e. build is platform dependent!
2021-05-18 10:42:34,408 [Worker-72: Building] INFO  o.e.m.c.i.embedder.EclipseLogger - skip non existing resourceDirectory /Users/lingronghu/Downloads/CS/Backend/12. Course Registration/coursemanagement/src/test/resources
2021-05-18 10:42:43,380 [Worker-68: Building] WARN  o.e.m.c.i.embedder.EclipseLogger - Using platform encoding (UTF-8 actually) to copy filtered resources, i.e. build is platform dependent!
2021-05-18 10:42:43,382 [Worker-68: Building] INFO  o.e.m.c.i.embedder.EclipseLogger - skip non existing resourceDirectory /Users/lingronghu/Downloads/CS/Backend/12. Course Registration/coursemanagement/src/main/resources
2021-05-18 10:42:43,383 [Worker-68: Building] WARN  o.e.m.c.i.embedder.EclipseLogger - Using platform encoding (UTF-8 actually) to copy filtered resources, i.e. build is platform dependent!
2021-05-18 10:42:43,384 [Worker-68: Building] INFO  o.e.m.c.i.embedder.EclipseLogger - skip non existing resourceDirectory /Users/lingronghu/Downloads/CS/Backend/12. Course Registration/coursemanagement/src/test/resources
2021-05-18 10:42:51,457 [Worker-70: Building] WARN  o.e.m.c.i.embedder.EclipseLogger - Using platform encoding (UTF-8 actually) to copy filtered resources, i.e. build is platform dependent!
2021-05-18 10:42:51,457 [Worker-70: Building] INFO  o.e.m.c.i.embedder.EclipseLogger - skip non existing resourceDirectory /Users/lingronghu/Downloads/CS/Backend/12. Course Registration/coursemanagement/src/main/resources
2021-05-18 10:42:51,458 [Worker-70: Building] WARN  o.e.m.c.i.embedder.EclipseLogger - Using platform encoding (UTF-8 actually) to copy filtered resources, i.e. build is platform dependent!
2021-05-18 10:42:51,458 [Worker-70: Building] INFO  o.e.m.c.i.embedder.EclipseLogger - skip non existing resourceDirectory /Users/lingronghu/Downloads/CS/Backend/12. Course Registration/coursemanagement/src/test/resources
2021-05-18 10:43:01,613 [Worker-71: Building] WARN  o.e.m.c.i.embedder.EclipseLogger - Using platform encoding (UTF-8 actually) to copy filtered resources, i.e. build is platform dependent!
2021-05-18 10:43:01,614 [Worker-71: Building] INFO  o.e.m.c.i.embedder.EclipseLogger - skip non existing resourceDirectory /Users/lingronghu/Downloads/CS/Backend/12. Course Registration/coursemanagement/src/main/resources
2021-05-18 10:43:01,614 [Worker-71: Building] WARN  o.e.m.c.i.embedder.EclipseLogger - Using platform encoding (UTF-8 actually) to copy filtered resources, i.e. build is platform dependent!
2021-05-18 10:43:01,615 [Worker-71: Building] INFO  o.e.m.c.i.embedder.EclipseLogger - skip non existing resourceDirectory /Users/lingronghu/Downloads/CS/Backend/12. Course Registration/coursemanagement/src/test/resources
2021-05-18 10:43:13,301 [Worker-66: Building] WARN  o.e.m.c.i.embedder.EclipseLogger - Using platform encoding (UTF-8 actually) to copy filtered resources, i.e. build is platform dependent!
2021-05-18 10:43:13,310 [Worker-66: Building] INFO  o.e.m.c.i.embedder.EclipseLogger - skip non existing resourceDirectory /Users/lingronghu/Downloads/CS/Backend/12. Course Registration/coursemanagement/src/main/resources
2021-05-18 10:43:13,311 [Worker-66: Building] WARN  o.e.m.c.i.embedder.EclipseLogger - Using platform encoding (UTF-8 actually) to copy filtered resources, i.e. build is platform dependent!
2021-05-18 10:43:13,311 [Worker-66: Building] INFO  o.e.m.c.i.embedder.EclipseLogger - skip non existing resourceDirectory /Users/lingronghu/Downloads/CS/Backend/12. Course Registration/coursemanagement/src/test/resources
2021-05-18 10:43:27,184 [Worker-69: Building] WARN  o.e.m.c.i.embedder.EclipseLogger - Using platform encoding (UTF-8 actually) to copy filtered resources, i.e. build is platform dependent!
2021-05-18 10:43:27,191 [Worker-69: Building] INFO  o.e.m.c.i.embedder.EclipseLogger - skip non existing resourceDirectory /Users/lingronghu/Downloads/CS/Backend/12. Course Registration/coursemanagement/src/main/resources
2021-05-18 10:43:27,192 [Worker-69: Building] WARN  o.e.m.c.i.embedder.EclipseLogger - Using platform encoding (UTF-8 actually) to copy filtered resources, i.e. build is platform dependent!
2021-05-18 10:43:27,193 [Worker-69: Building] INFO  o.e.m.c.i.embedder.EclipseLogger - skip non existing resourceDirectory /Users/lingronghu/Downloads/CS/Backend/12. Course Registration/coursemanagement/src/test/resources
2021-05-18 10:43:32,525 [Worker-71: Building] WARN  o.e.m.c.i.embedder.EclipseLogger - Using platform encoding (UTF-8 actually) to copy filtered resources, i.e. build is platform dependent!
2021-05-18 10:43:32,530 [Worker-71: Building] INFO  o.e.m.c.i.embedder.EclipseLogger - skip non existing resourceDirectory /Users/lingronghu/Downloads/CS/Backend/12. Course Registration/coursemanagement/src/main/resources
2021-05-18 10:43:32,531 [Worker-71: Building] WARN  o.e.m.c.i.embedder.EclipseLogger - Using platform encoding (UTF-8 actually) to copy filtered resources, i.e. build is platform dependent!
2021-05-18 10:43:32,531 [Worker-71: Building] INFO  o.e.m.c.i.embedder.EclipseLogger - skip non existing resourceDirectory /Users/lingronghu/Downloads/CS/Backend/12. Course Registration/coursemanagement/src/test/resources
2021-05-18 10:43:40,469 [Worker-66: Building] WARN  o.e.m.c.i.embedder.EclipseLogger - Using platform encoding (UTF-8 actually) to copy filtered resources, i.e. build is platform dependent!
2021-05-18 10:43:40,471 [Worker-66: Building] INFO  o.e.m.c.i.embedder.EclipseLogger - skip non existing resourceDirectory /Users/lingronghu/Downloads/CS/Backend/12. Course Registration/coursemanagement/src/main/resources
2021-05-18 10:43:40,472 [Worker-66: Building] WARN  o.e.m.c.i.embedder.EclipseLogger - Using platform encoding (UTF-8 actually) to copy filtered resources, i.e. build is platform dependent!
2021-05-18 10:43:40,472 [Worker-66: Building] INFO  o.e.m.c.i.embedder.EclipseLogger - skip non existing resourceDirectory /Users/lingronghu/Downloads/CS/Backend/12. Course Registration/coursemanagement/src/test/resources
2021-05-18 10:44:39,750 [Worker-67: Updating Maven Project] INFO  o.e.m.c.i.p.ProjectConfigurationManager - Update started
2021-05-18 10:44:40,198 [Worker-67: Updating Maven Project] INFO  o.e.m.c.i.l.LifecycleMappingFactory - Using org.eclipse.m2e.jdt.JarLifecycleMapping lifecycle mapping for MavenProject: com.hu:coursemanagement:0.0.1-SNAPSHOT @ /Users/lingronghu/Downloads/CS/Backend/12. Course Registration/coursemanagement/pom.xml.
2021-05-18 10:44:40,432 [Worker-67: Updating Maven Project] INFO  o.e.m.j.i.AbstractJavaProjectConfigurator - Adding source folder /coursemanagement/src/main/java
2021-05-18 10:44:40,434 [Worker-67: Updating Maven Project] INFO  o.e.m.j.i.AbstractJavaProjectConfigurator - Adding source folder /coursemanagement/src/test/java
2021-05-18 10:44:40,660 [Worker-67: Updating Maven Project] INFO  o.e.m.c.i.p.ProjectConfigurationManager - Update completed: 0 sec
2021-05-18 10:44:40,991 [Worker-71: Building] WARN  o.e.m.c.i.embedder.EclipseLogger - Using platform encoding (UTF-8 actually) to copy filtered resources, i.e. build is platform dependent!
2021-05-18 10:44:40,993 [Worker-71: Building] INFO  o.e.m.c.i.embedder.EclipseLogger - skip non existing resourceDirectory /Users/lingronghu/Downloads/CS/Backend/12. Course Registration/coursemanagement/src/main/resources
2021-05-18 10:44:40,994 [Worker-71: Building] WARN  o.e.m.c.i.embedder.EclipseLogger - Using platform encoding (UTF-8 actually) to copy filtered resources, i.e. build is platform dependent!
2021-05-18 10:44:40,995 [Worker-71: Building] INFO  o.e.m.c.i.embedder.EclipseLogger - skip non existing resourceDirectory /Users/lingronghu/Downloads/CS/Backend/12. Course Registration/coursemanagement/src/test/resources
2021-05-18 10:56:59,447 [Worker-75: Building Project coursemanagement] WARN  o.e.m.c.i.embedder.EclipseLogger - Using platform encoding (UTF-8 actually) to copy filtered resources, i.e. build is platform dependent!
2021-05-18 10:56:59,456 [Worker-75: Building Project coursemanagement] INFO  o.e.m.c.i.embedder.EclipseLogger - skip non existing resourceDirectory /Users/lingronghu/Downloads/CS/Backend/12. Course Registration/coursemanagement/src/main/resources
2021-05-18 10:56:59,459 [Worker-75: Building Project coursemanagement] WARN  o.e.m.c.i.embedder.EclipseLogger - Using platform encoding (UTF-8 actually) to copy filtered resources, i.e. build is platform dependent!
2021-05-18 10:56:59,460 [Worker-75: Building Project coursemanagement] INFO  o.e.m.c.i.embedder.EclipseLogger - skip non existing resourceDirectory /Users/lingronghu/Downloads/CS/Backend/12. Course Registration/coursemanagement/src/test/resources
2021-05-18 10:57:11,739 [Worker-71: Building] WARN  o.e.m.c.i.embedder.EclipseLogger - Using platform encoding (UTF-8 actually) to copy filtered resources, i.e. build is platform dependent!
2021-05-18 10:57:11,747 [Worker-71: Building] INFO  o.e.m.c.i.embedder.EclipseLogger - skip non existing resourceDirectory /Users/lingronghu/Downloads/CS/Backend/12. Course Registration/coursemanagement/src/main/resources
2021-05-18 10:57:11,748 [Worker-71: Building] WARN  o.e.m.c.i.embedder.EclipseLogger - Using platform encoding (UTF-8 actually) to copy filtered resources, i.e. build is platform dependent!
2021-05-18 10:57:11,749 [Worker-71: Building] INFO  o.e.m.c.i.embedder.EclipseLogger - skip non existing resourceDirectory /Users/lingronghu/Downloads/CS/Backend/12. Course Registration/coursemanagement/src/test/resources
2021-05-18 10:57:12,848 [Worker-76: Building] WARN  o.e.m.c.i.embedder.EclipseLogger - Using platform encoding (UTF-8 actually) to copy filtered resources, i.e. build is platform dependent!
2021-05-18 10:57:12,850 [Worker-76: Building] INFO  o.e.m.c.i.embedder.EclipseLogger - skip non existing resourceDirectory /Users/lingronghu/Downloads/CS/Backend/12. Course Registration/coursemanagement/src/main/resources
2021-05-18 10:57:12,851 [Worker-76: Building] WARN  o.e.m.c.i.embedder.EclipseLogger - Using platform encoding (UTF-8 actually) to copy filtered resources, i.e. build is platform dependent!
2021-05-18 10:57:12,851 [Worker-76: Building] INFO  o.e.m.c.i.embedder.EclipseLogger - skip non existing resourceDirectory /Users/lingronghu/Downloads/CS/Backend/12. Course Registration/coursemanagement/src/test/resources
2021-05-18 10:57:58,059 [Worker-80: Building] WARN  o.e.m.c.i.embedder.EclipseLogger - Using platform encoding (UTF-8 actually) to copy filtered resources, i.e. build is platform dependent!
2021-05-18 10:57:58,083 [Worker-80: Building] INFO  o.e.m.c.i.embedder.EclipseLogger - skip non existing resourceDirectory /Users/lingronghu/Downloads/CS/Backend/12. Course Registration/coursemanagement/src/main/resources
2021-05-18 10:57:58,086 [Worker-80: Building] WARN  o.e.m.c.i.embedder.EclipseLogger - Using platform encoding (UTF-8 actually) to copy filtered resources, i.e. build is platform dependent!
2021-05-18 10:57:58,087 [Worker-80: Building] INFO  o.e.m.c.i.embedder.EclipseLogger - skip non existing resourceDirectory /Users/lingronghu/Downloads/CS/Backend/12. Course Registration/coursemanagement/src/test/resources
2021-05-18 11:00:20,173 [Worker-77: Building] INFO  o.e.m.c.i.l.LifecycleMappingFactory - Using org.maven.ide.eclipse.wtp.WarLifecycleMapping lifecycle mapping for MavenProject: com.hu:coursemanagement:1.0 @ /Users/lingronghu/Downloads/CS/Backend/12. Course Registration/coursemanagement/pom.xml.
2021-05-18 11:00:21,098 [Worker-77: Building] WARN  o.e.m.c.i.embedder.EclipseLogger - Using platform encoding (UTF-8 actually) to copy filtered resources, i.e. build is platform dependent!
2021-05-18 11:00:21,108 [Worker-77: Building] INFO  o.e.m.c.i.embedder.EclipseLogger - skip non existing resourceDirectory /Users/lingronghu/Downloads/CS/Backend/12. Course Registration/coursemanagement/src/main/resources
2021-05-18 11:00:21,112 [Worker-77: Building] WARN  o.e.m.c.i.embedder.EclipseLogger - Using platform encoding (UTF-8 actually) to copy filtered resources, i.e. build is platform dependent!
2021-05-18 11:00:21,113 [Worker-77: Building] INFO  o.e.m.c.i.embedder.EclipseLogger - skip non existing resourceDirectory /Users/lingronghu/Downloads/CS/Backend/12. Course Registration/coursemanagement/src/test/resources
2021-05-18 11:00:21,116 [Worker-77: Building] INFO  o.e.m.w.i.f.ResourceFilteringBuildParticipant - Changed resources require a complete clean of filtered resources of coursemanagement
2021-05-18 11:00:21,116 [Worker-77: Building] INFO  o.e.m.w.i.f.ResourceFilteringBuildParticipant - Executing resource filtering for coursemanagement
2021-05-18 11:00:21,127 [Worker-77: Building] WARN  o.e.m.c.i.embedder.EclipseLogger - Using platform encoding (UTF-8 actually) to copy filtered resources, i.e. build is platform dependent!
2021-05-18 11:00:33,281 [Worker-71: Building] INFO  o.e.m.c.i.l.LifecycleMappingFactory - Using org.maven.ide.eclipse.wtp.WarLifecycleMapping lifecycle mapping for MavenProject: com.hu:coursemanagement:1.0 @ /Users/lingronghu/Downloads/CS/Backend/12. Course Registration/coursemanagement/pom.xml.
2021-05-18 11:00:33,668 [Worker-71: Building] WARN  o.e.m.c.i.embedder.EclipseLogger - Using platform encoding (UTF-8 actually) to copy filtered resources, i.e. build is platform dependent!
2021-05-18 11:00:33,669 [Worker-71: Building] INFO  o.e.m.c.i.embedder.EclipseLogger - skip non existing resourceDirectory /Users/lingronghu/Downloads/CS/Backend/12. Course Registration/coursemanagement/src/main/resources
2021-05-18 11:00:33,671 [Worker-71: Building] WARN  o.e.m.c.i.embedder.EclipseLogger - Using platform encoding (UTF-8 actually) to copy filtered resources, i.e. build is platform dependent!
2021-05-18 11:00:33,671 [Worker-71: Building] INFO  o.e.m.c.i.embedder.EclipseLogger - skip non existing resourceDirectory /Users/lingronghu/Downloads/CS/Backend/12. Course Registration/coursemanagement/src/test/resources
2021-05-18 11:00:33,672 [Worker-71: Building] INFO  o.e.m.w.i.f.ResourceFilteringBuildParticipant - Changed resources require a complete clean of filtered resources of coursemanagement
2021-05-18 11:00:33,672 [Worker-71: Building] INFO  o.e.m.w.i.f.ResourceFilteringBuildParticipant - Executing resource filtering for coursemanagement
2021-05-18 11:00:33,677 [Worker-71: Building] WARN  o.e.m.c.i.embedder.EclipseLogger - Using platform encoding (UTF-8 actually) to copy filtered resources, i.e. build is platform dependent!
2021-05-18 11:01:03,511 [Worker-76: Building] INFO  o.e.m.c.i.l.LifecycleMappingFactory - Using org.maven.ide.eclipse.wtp.WarLifecycleMapping lifecycle mapping for MavenProject: com.hu:coursemanagement:1.0 @ /Users/lingronghu/Downloads/CS/Backend/12. Course Registration/coursemanagement/pom.xml.
2021-05-18 11:01:04,028 [Worker-76: Building] WARN  o.e.m.c.i.embedder.EclipseLogger - Using platform encoding (UTF-8 actually) to copy filtered resources, i.e. build is platform dependent!
2021-05-18 11:01:04,030 [Worker-76: Building] INFO  o.e.m.c.i.embedder.EclipseLogger - skip non existing resourceDirectory /Users/lingronghu/Downloads/CS/Backend/12. Course Registration/coursemanagement/src/main/resources
2021-05-18 11:01:04,033 [Worker-76: Building] WARN  o.e.m.c.i.embedder.EclipseLogger - Using platform encoding (UTF-8 actually) to copy filtered resources, i.e. build is platform dependent!
2021-05-18 11:01:04,034 [Worker-76: Building] INFO  o.e.m.c.i.embedder.EclipseLogger - skip non existing resourceDirectory /Users/lingronghu/Downloads/CS/Backend/12. Course Registration/coursemanagement/src/test/resources
2021-05-18 11:01:04,034 [Worker-76: Building] INFO  o.e.m.w.i.f.ResourceFilteringBuildParticipant - Changed resources require a complete clean of filtered resources of coursemanagement
2021-05-18 11:01:04,034 [Worker-76: Building] INFO  o.e.m.w.i.f.ResourceFilteringBuildParticipant - Executing resource filtering for coursemanagement
2021-05-18 11:01:04,037 [Worker-76: Building] WARN  o.e.m.c.i.embedder.EclipseLogger - Using platform encoding (UTF-8 actually) to copy filtered resources, i.e. build is platform dependent!
2021-05-18 11:01:05,350 [Worker-79: Building] WARN  o.e.m.c.i.embedder.EclipseLogger - Using platform encoding (UTF-8 actually) to copy filtered resources, i.e. build is platform dependent!
2021-05-18 11:01:05,351 [Worker-79: Building] INFO  o.e.m.c.i.embedder.EclipseLogger - skip non existing resourceDirectory /Users/lingronghu/Downloads/CS/Backend/12. Course Registration/coursemanagement/src/main/resources
2021-05-18 11:01:05,352 [Worker-79: Building] WARN  o.e.m.c.i.embedder.EclipseLogger - Using platform encoding (UTF-8 actually) to copy filtered resources, i.e. build is platform dependent!
2021-05-18 11:01:05,352 [Worker-79: Building] INFO  o.e.m.c.i.embedder.EclipseLogger - skip non existing resourceDirectory /Users/lingronghu/Downloads/CS/Backend/12. Course Registration/coursemanagement/src/test/resources
2021-05-18 11:01:10,454 [Worker-77: Building] INFO  o.e.m.c.i.l.LifecycleMappingFactory - Using org.maven.ide.eclipse.wtp.WarLifecycleMapping lifecycle mapping for MavenProject: com.hu:coursemanagement:1.0 @ /Users/lingronghu/Downloads/CS/Backend/12. Course Registration/coursemanagement/pom.xml.
2021-05-18 11:01:10,844 [Worker-77: Building] WARN  o.e.m.c.i.embedder.EclipseLogger - Using platform encoding (UTF-8 actually) to copy filtered resources, i.e. build is platform dependent!
2021-05-18 11:01:10,846 [Worker-77: Building] INFO  o.e.m.c.i.embedder.EclipseLogger - skip non existing resourceDirectory /Users/lingronghu/Downloads/CS/Backend/12. Course Registration/coursemanagement/src/main/resources
2021-05-18 11:01:10,847 [Worker-77: Building] WARN  o.e.m.c.i.embedder.EclipseLogger - Using platform encoding (UTF-8 actually) to copy filtered resources, i.e. build is platform dependent!
2021-05-18 11:01:10,847 [Worker-77: Building] INFO  o.e.m.c.i.embedder.EclipseLogger - skip non existing resourceDirectory /Users/lingronghu/Downloads/CS/Backend/12. Course Registration/coursemanagement/src/test/resources
2021-05-18 11:01:10,847 [Worker-77: Building] INFO  o.e.m.w.i.f.ResourceFilteringBuildParticipant - Changed resources require a complete clean of filtered resources of coursemanagement
2021-05-18 11:01:10,847 [Worker-77: Building] INFO  o.e.m.w.i.f.ResourceFilteringBuildParticipant - Executing resource filtering for coursemanagement
2021-05-18 11:01:10,850 [Worker-77: Building] WARN  o.e.m.c.i.embedder.EclipseLogger - Using platform encoding (UTF-8 actually) to copy filtered resources, i.e. build is platform dependent!
2021-05-18 11:01:33,297 [Worker-79: Building] INFO  o.e.m.c.i.l.LifecycleMappingFactory - Using org.maven.ide.eclipse.wtp.WarLifecycleMapping lifecycle mapping for MavenProject: com.hu:coursemanagement:1.0 @ /Users/lingronghu/Downloads/CS/Backend/12. Course Registration/coursemanagement/pom.xml.
2021-05-18 11:01:33,904 [Worker-79: Building] WARN  o.e.m.c.i.embedder.EclipseLogger - Using platform encoding (UTF-8 actually) to copy filtered resources, i.e. build is platform dependent!
2021-05-18 11:01:33,907 [Worker-79: Building] INFO  o.e.m.c.i.embedder.EclipseLogger - skip non existing resourceDirectory /Users/lingronghu/Downloads/CS/Backend/12. Course Registration/coursemanagement/src/main/resources
2021-05-18 11:01:33,909 [Worker-79: Building] WARN  o.e.m.c.i.embedder.EclipseLogger - Using platform encoding (UTF-8 actually) to copy filtered resources, i.e. build is platform dependent!
2021-05-18 11:01:33,910 [Worker-79: Building] INFO  o.e.m.c.i.embedder.EclipseLogger - skip non existing resourceDirectory /Users/lingronghu/Downloads/CS/Backend/12. Course Registration/coursemanagement/src/test/resources
2021-05-18 11:01:33,910 [Worker-79: Building] INFO  o.e.m.w.i.f.ResourceFilteringBuildParticipant - Changed resources require a complete clean of filtered resources of coursemanagement
2021-05-18 11:01:33,910 [Worker-79: Building] INFO  o.e.m.w.i.f.ResourceFilteringBuildParticipant - Executing resource filtering for coursemanagement
2021-05-18 11:01:33,915 [Worker-79: Building] WARN  o.e.m.c.i.embedder.EclipseLogger - Using platform encoding (UTF-8 actually) to copy filtered resources, i.e. build is platform dependent!
2021-05-18 11:01:46,410 [Worker-75: Updating Maven Project] INFO  o.e.m.c.i.p.ProjectConfigurationManager - Update started
2021-05-18 11:01:46,712 [Worker-75: Updating Maven Project] INFO  o.e.m.c.i.l.LifecycleMappingFactory - Using org.maven.ide.eclipse.wtp.WarLifecycleMapping lifecycle mapping for MavenProject: com.hu:coursemanagement:1.0 @ /Users/lingronghu/Downloads/CS/Backend/12. Course Registration/coursemanagement/pom.xml.
2021-05-18 11:01:47,461 [Worker-75: Updating Maven Project] INFO  o.e.m.j.i.AbstractJavaProjectConfigurator - Adding source folder /coursemanagement/src/main/java
2021-05-18 11:01:47,465 [Worker-75: Updating Maven Project] INFO  o.e.m.j.i.AbstractJavaProjectConfigurator - Adding source folder /coursemanagement/src/test/java
2021-05-18 11:01:48,022 [Worker-75: Updating Maven Project] INFO  o.e.m.w.i.f.ResourceFilteringBuildParticipant - Cleaning filtered folder for coursemanagement
2021-05-18 11:01:48,028 [Worker-75: Updating Maven Project] INFO  o.e.m.c.i.p.ProjectConfigurationManager - Update completed: 1 sec
2021-05-18 11:01:48,853 [Worker-81: Building Project coursemanagement] WARN  o.e.m.c.i.embedder.EclipseLogger - Using platform encoding (UTF-8 actually) to copy filtered resources, i.e. build is platform dependent!
2021-05-18 11:01:48,856 [Worker-81: Building Project coursemanagement] INFO  o.e.m.c.i.embedder.EclipseLogger - skip non existing resourceDirectory /Users/lingronghu/Downloads/CS/Backend/12. Course Registration/coursemanagement/src/main/resources
2021-05-18 11:01:48,858 [Worker-81: Building Project coursemanagement] WARN  o.e.m.c.i.embedder.EclipseLogger - Using platform encoding (UTF-8 actually) to copy filtered resources, i.e. build is platform dependent!
2021-05-18 11:01:48,858 [Worker-81: Building Project coursemanagement] INFO  o.e.m.c.i.embedder.EclipseLogger - skip non existing resourceDirectory /Users/lingronghu/Downloads/CS/Backend/12. Course Registration/coursemanagement/src/test/resources
2021-05-18 11:01:48,858 [Worker-81: Building Project coursemanagement] INFO  o.e.m.w.i.f.ResourceFilteringBuildParticipant - Changed resources require a complete clean of filtered resources of coursemanagement
2021-05-18 11:01:48,858 [Worker-81: Building Project coursemanagement] INFO  o.e.m.w.i.f.ResourceFilteringBuildParticipant - Executing resource filtering for coursemanagement
2021-05-18 11:01:48,862 [Worker-81: Building Project coursemanagement] WARN  o.e.m.c.i.embedder.EclipseLogger - Using platform encoding (UTF-8 actually) to copy filtered resources, i.e. build is platform dependent!
2021-05-18 11:26:22,017 [Worker-71: Building] INFO  o.e.m.c.i.l.LifecycleMappingFactory - Using org.maven.ide.eclipse.wtp.WarLifecycleMapping lifecycle mapping for MavenProject: com.hu:coursemanagement:1.0 @ /Users/lingronghu/Downloads/CS/Backend/12. Course Registration/Course-Registration/pom.xml.
2021-05-18 11:26:22,748 [Worker-71: Building] WARN  o.e.m.c.i.embedder.EclipseLogger - Using platform encoding (UTF-8 actually) to copy filtered resources, i.e. build is platform dependent!
2021-05-18 11:26:22,758 [Worker-71: Building] INFO  o.e.m.c.i.embedder.EclipseLogger - skip non existing resourceDirectory /Users/lingronghu/Downloads/CS/Backend/12. Course Registration/Course-Registration/src/main/resources
2021-05-18 11:26:22,760 [Worker-71: Building] WARN  o.e.m.c.i.embedder.EclipseLogger - Using platform encoding (UTF-8 actually) to copy filtered resources, i.e. build is platform dependent!
2021-05-18 11:26:22,761 [Worker-71: Building] INFO  o.e.m.c.i.embedder.EclipseLogger - skip non existing resourceDirectory /Users/lingronghu/Downloads/CS/Backend/12. Course Registration/Course-Registration/src/test/resources
2021-05-18 11:26:25,344 [Worker-83: Building] WARN  o.e.m.c.i.embedder.EclipseLogger - Using platform encoding (UTF-8 actually) to copy filtered resources, i.e. build is platform dependent!
2021-05-18 11:26:25,360 [Worker-83: Building] INFO  o.e.m.c.i.embedder.EclipseLogger - skip non existing resourceDirectory /Users/lingronghu/Downloads/CS/Backend/12. Course Registration/Course-Registration/src/main/resources
2021-05-18 11:26:25,364 [Worker-83: Building] WARN  o.e.m.c.i.embedder.EclipseLogger - Using platform encoding (UTF-8 actually) to copy filtered resources, i.e. build is platform dependent!
2021-05-18 11:26:25,364 [Worker-83: Building] INFO  o.e.m.c.i.embedder.EclipseLogger - skip non existing resourceDirectory /Users/lingronghu/Downloads/CS/Backend/12. Course Registration/Course-Registration/src/test/resources
2021-05-18 11:26:29,833 [Worker-88: Updating Maven Project] INFO  o.e.m.c.i.p.ProjectConfigurationManager - Update started
2021-05-18 11:26:30,124 [Worker-88: Updating Maven Project] INFO  o.e.m.c.i.l.LifecycleMappingFactory - Using org.maven.ide.eclipse.wtp.WarLifecycleMapping lifecycle mapping for MavenProject: com.hu:coursemanagement:1.0 @ /Users/lingronghu/Downloads/CS/Backend/12. Course Registration/Course-Registration/pom.xml.
2021-05-18 11:26:30,658 [Worker-88: Updating Maven Project] INFO  o.e.m.j.i.AbstractJavaProjectConfigurator - Adding source folder /Course-Registration/src/main/java
2021-05-18 11:26:30,658 [Worker-88: Updating Maven Project] INFO  o.e.m.j.i.AbstractJavaProjectConfigurator - Adding source folder /Course-Registration/src/test/java
2021-05-18 11:26:31,103 [Worker-88: Updating Maven Project] INFO  o.e.m.w.i.f.ResourceFilteringBuildParticipant - Cleaning filtered folder for Course-Registration
2021-05-18 11:26:31,107 [Worker-88: Updating Maven Project] INFO  o.e.m.c.i.p.ProjectConfigurationManager - Update completed: 1 sec
2021-05-18 11:26:31,338 [Worker-91: Building] WARN  o.e.m.c.i.embedder.EclipseLogger - Using platform encoding (UTF-8 actually) to copy filtered resources, i.e. build is platform dependent!
2021-05-18 11:26:31,340 [Worker-91: Building] INFO  o.e.m.c.i.embedder.EclipseLogger - skip non existing resourceDirectory /Users/lingronghu/Downloads/CS/Backend/12. Course Registration/Course-Registration/src/main/resources
2021-05-18 11:26:31,342 [Worker-91: Building] WARN  o.e.m.c.i.embedder.EclipseLogger - Using platform encoding (UTF-8 actually) to copy filtered resources, i.e. build is platform dependent!
2021-05-18 11:26:31,342 [Worker-91: Building] INFO  o.e.m.c.i.embedder.EclipseLogger - skip non existing resourceDirectory /Users/lingronghu/Downloads/CS/Backend/12. Course Registration/Course-Registration/src/test/resources
2021-05-18 11:26:31,342 [Worker-91: Building] INFO  o.e.m.w.i.f.ResourceFilteringBuildParticipant - Changed resources require a complete clean of filtered resources of Course-Registration
2021-05-18 11:26:31,343 [Worker-91: Building] INFO  o.e.m.w.i.f.ResourceFilteringBuildParticipant - Executing resource filtering for Course-Registration
2021-05-18 11:26:31,355 [Worker-91: Building] WARN  o.e.m.c.i.embedder.EclipseLogger - Using platform encoding (UTF-8 actually) to copy filtered resources, i.e. build is platform dependent!
